<?xml version="1.0" encoding="UTF-8"?>
<!-- Generated by org.testng.reporters.JUnitXMLReporter -->
<testsuite ignored="0" hostname="LIN51014064" failures="1" tests="1" name="Surefire test" time="22.781" errors="0" timestamp="2024-04-10T15:13:12 IST">
  <testcase classname="com.flightbooking.HomePage" name="searchFilght" time="5.284">
    <failure type="org.openqa.selenium.ElementClickInterceptedException" message="element click intercepted: Element &amp;lt;label for=&amp;quot;fromCity&amp;quot;&amp;gt;...&amp;lt;/label&amp;gt; is not clickable at point (170, 283). Other element would receive the click: &amp;lt;iframe title=&amp;quot;notification-frame-1730545c0&amp;quot; name=&amp;quot;notification-frame-1730545c0&amp;quot; id=&amp;quot;webklipper-publisher-widget-container-notification-frame&amp;quot; frameborder=&amp;quot;0&amp;quot; marginheight=&amp;quot;0&amp;quot; marginwidth=&amp;quot;0&amp;quot; style=&amp;quot;display: block; position: fixed; z-index: 16776272; left: -1000px; top: -1000px; visibility: visible; height: 100%; width: 100%; transform: translate(1000px, 1000px);&amp;quot; data-notification-layout-id=&amp;quot;~184fc0b7&amp;quot; data-notification-layout-name=&amp;quot;modal&amp;quot; cd_frame_id_=&amp;quot;faa07c77bc12a8f46d02176e5773d463&amp;quot;&amp;gt;&amp;lt;/iframe&amp;gt;
  (Session info: chrome=123.0.6312.88)
Build info: version: &amp;apos;4.1.1&amp;apos;, revision: &amp;apos;e8fcc2cecf&amp;apos;
System info: host: &amp;apos;LIN51014064&amp;apos;, ip: &amp;apos;10.102.145.216&amp;apos;, os.name: &amp;apos;Windows 11&amp;apos;, os.arch: &amp;apos;amd64&amp;apos;, os.version: &amp;apos;10.0&amp;apos;, java.version: &amp;apos;19.0.2&amp;apos;
Driver info: org.openqa.selenium.chrome.ChromeDriver
Command: [fc1a6a06f41544a757e856b7486be256, clickElement {id=f.A89BD88B0AFB472EEA710D054BA8B00F.d.6D045790C45E76B431B7BA397D21B18E.e.46}]
Capabilities {acceptInsecureCerts: false, browserName: chrome, browserVersion: 123.0.6312.88, chrome: {chromedriverVersion: 122.0.6261.128 (f18a44fedeb..., userDataDir: C:\WINDOWS\SystemTemp\scope...}, fedcm:accounts: true, goog:chromeOptions: {debuggerAddress: localhost:54794}, javascriptEnabled: true, networkConnectionEnabled: false, pageLoadStrategy: normal, platform: WINDOWS, platformName: WINDOWS, proxy: Proxy(), se:cdp: ws://localhost:54794/devtoo..., se:cdpVersion: 123.0.6312.88, setWindowRect: true, strictFileInteractability: false, timeouts: {implicit: 0, pageLoad: 300000, script: 30000}, unhandledPromptBehavior: dismiss and notify, webauthn:extension:credBlob: true, webauthn:extension:largeBlob: true, webauthn:extension:minPinLength: true, webauthn:extension:prf: true, webauthn:virtualAuthenticators: true}
Element: [[ChromeDriver: chrome on WINDOWS (fc1a6a06f41544a757e856b7486be256)] -&amp;gt; xpath: //div[@class=&amp;quot;flt_fsw_inputBox searchCity inactiveWidget &amp;quot;]/label]
Session ID: fc1a6a06f41544a757e856b7486be256">
      <![CDATA[org.openqa.selenium.ElementClickInterceptedException: element click intercepted: Element <label for="fromCity">...</label> is not clickable at point (170, 283). Other element would receive the click: <iframe title="notification-frame-1730545c0" name="notification-frame-1730545c0" id="webklipper-publisher-widget-container-notification-frame" frameborder="0" marginheight="0" marginwidth="0" style="display: block; position: fixed; z-index: 16776272; left: -1000px; top: -1000px; visibility: visible; height: 100%; width: 100%; transform: translate(1000px, 1000px);" data-notification-layout-id="~184fc0b7" data-notification-layout-name="modal" cd_frame_id_="faa07c77bc12a8f46d02176e5773d463"></iframe>
  (Session info: chrome=123.0.6312.88)
Build info: version: '4.1.1', revision: 'e8fcc2cecf'
System info: host: 'LIN51014064', ip: '10.102.145.216', os.name: 'Windows 11', os.arch: 'amd64', os.version: '10.0', java.version: '19.0.2'
Driver info: org.openqa.selenium.chrome.ChromeDriver
Command: [fc1a6a06f41544a757e856b7486be256, clickElement {id=f.A89BD88B0AFB472EEA710D054BA8B00F.d.6D045790C45E76B431B7BA397D21B18E.e.46}]
Capabilities {acceptInsecureCerts: false, browserName: chrome, browserVersion: 123.0.6312.88, chrome: {chromedriverVersion: 122.0.6261.128 (f18a44fedeb..., userDataDir: C:\WINDOWS\SystemTemp\scope...}, fedcm:accounts: true, goog:chromeOptions: {debuggerAddress: localhost:54794}, javascriptEnabled: true, networkConnectionEnabled: false, pageLoadStrategy: normal, platform: WINDOWS, platformName: WINDOWS, proxy: Proxy(), se:cdp: ws://localhost:54794/devtoo..., se:cdpVersion: 123.0.6312.88, setWindowRect: true, strictFileInteractability: false, timeouts: {implicit: 0, pageLoad: 300000, script: 30000}, unhandledPromptBehavior: dismiss and notify, webauthn:extension:credBlob: true, webauthn:extension:largeBlob: true, webauthn:extension:minPinLength: true, webauthn:extension:prf: true, webauthn:virtualAuthenticators: true}
Element: [[ChromeDriver: chrome on WINDOWS (fc1a6a06f41544a757e856b7486be256)] -> xpath: //div[@class="flt_fsw_inputBox searchCity inactiveWidget "]/label]
Session ID: fc1a6a06f41544a757e856b7486be256
at org.openqa.selenium.remote.codec.w3c.W3CHttpResponseCodec.createException(W3CHttpResponseCodec.java:200)
at org.openqa.selenium.remote.codec.w3c.W3CHttpResponseCodec.decode(W3CHttpResponseCodec.java:133)
at org.openqa.selenium.remote.codec.w3c.W3CHttpResponseCodec.decode(W3CHttpResponseCodec.java:53)
at org.openqa.selenium.remote.HttpCommandExecutor.execute(HttpCommandExecutor.java:184)
at org.openqa.selenium.remote.service.DriverCommandExecutor.invokeExecute(DriverCommandExecutor.java:167)
at org.openqa.selenium.remote.service.DriverCommandExecutor.execute(DriverCommandExecutor.java:142)
at org.openqa.selenium.remote.RemoteWebDriver.execute(RemoteWebDriver.java:543)
at org.openqa.selenium.remote.RemoteWebElement.execute(RemoteWebElement.java:251)
at org.openqa.selenium.remote.RemoteWebElement.click(RemoteWebElement.java:77)
at com.flightbooking.HomePage.searchFilght(HomePage.java:49)
at java.base/java.util.ArrayList.forEach(ArrayList.java:1511)
... Removed 33 stack frames]]>
    </failure>
  </testcase> <!-- searchFilght -->
</testsuite> <!-- Surefire test -->
