<?xml version="1.0" encoding="UTF-8"?>
<testng-results ignored="0" total="1" passed="1" failed="0" skipped="0">
  <reporter-output>
  </reporter-output>
  <suite started-at="2024-04-03T11:53:12 IST" name="Surefire suite" finished-at="2024-04-03T11:53:47 IST" duration-ms="35627">
    <groups>
    </groups>
    <test started-at="2024-04-03T11:53:12 IST" name="Surefire test" finished-at="2024-04-03T11:53:47 IST" duration-ms="35627">
      <class name="com.flightbooking.HomePage">
        <test-method is-config="true" signature="chromeSetup()[pri:0, instance:com.flightbooking.HomePage@161b062a]" started-at="2024-04-03T11:53:12 IST" name="chromeSetup" finished-at="2024-04-03T11:53:18 IST" duration-ms="6704" status="PASS">
          <reporter-output>
          </reporter-output>
        </test-method> <!-- chromeSetup -->
        <test-method signature="searchFilght(java.lang.String,java.lang.String)[pri:0, instance:com.flightbooking.HomePage@161b062a]" started-at="2024-04-03T11:53:19 IST" name="searchFilght" data-provider="data" finished-at="2024-04-03T11:53:36 IST" duration-ms="17816" status="PASS">
          <params>
            <param index="0">
              <value>
                <![CDATA[Chennai]]>
              </value>
            </param>
            <param index="1">
              <value>
                <![CDATA[Delhi]]>
              </value>
            </param>
          </params>
          <reporter-output>
          </reporter-output>
        </test-method> <!-- searchFilght -->
        <test-method is-config="true" signature="closeBrowser()[pri:0, instance:com.flightbooking.HomePage@161b062a]" started-at="2024-04-03T11:53:36 IST" name="closeBrowser" finished-at="2024-04-03T11:53:47 IST" duration-ms="11004" status="PASS">
          <reporter-output>
          </reporter-output>
        </test-method> <!-- closeBrowser -->
      </class> <!-- com.flightbooking.HomePage -->
    </test> <!-- Surefire test -->
  </suite> <!-- Surefire suite -->
</testng-results>
