<?xml version="1.0" encoding="UTF-8"?>
<testng-results ignored="0" total="1" passed="1" failed="0" skipped="0">
  <reporter-output>
  </reporter-output>
  <suite started-at="2024-04-01T13:02:56 IST" name="Default suite" finished-at="2024-04-01T13:03:42 IST" duration-ms="45663">
    <groups>
    </groups>
    <test started-at="2024-04-01T13:02:56 IST" name="Default test" finished-at="2024-04-01T13:03:42 IST" duration-ms="45663">
      <class name="com.flightbooking.HomePage">
        <test-method is-config="true" signature="chromeSetup()[pri:0, instance:com.flightbooking.HomePage@7f0eb4b4]" started-at="2024-04-01T13:02:56 IST" name="chromeSetup" finished-at="2024-04-01T13:03:11 IST" duration-ms="14386" status="PASS">
          <reporter-output>
          </reporter-output>
        </test-method> <!-- chromeSetup -->
        <test-method signature="searchFilght(java.lang.String,java.lang.String)[pri:0, instance:com.flightbooking.HomePage@7f0eb4b4]" started-at="2024-04-01T13:03:11 IST" name="searchFilght" data-provider="data" finished-at="2024-04-01T13:03:31 IST" duration-ms="20180" status="PASS">
          <params>
            <param index="0">
              <value>
                <![CDATA[Chennai]]>
              </value>
            </param>
            <param index="1">
              <value>
                <![CDATA[Delhi]]>
              </value>
            </param>
          </params>
          <reporter-output>
          </reporter-output>
        </test-method> <!-- searchFilght -->
        <test-method is-config="true" signature="closeBrowser()[pri:0, instance:com.flightbooking.HomePage@7f0eb4b4]" started-at="2024-04-01T13:03:31 IST" name="closeBrowser" finished-at="2024-04-01T13:03:42 IST" duration-ms="11001" status="PASS">
          <reporter-output>
          </reporter-output>
        </test-method> <!-- closeBrowser -->
      </class> <!-- com.flightbooking.HomePage -->
    </test> <!-- Default test -->
  </suite> <!-- Default suite -->
</testng-results>
